[debug] [2025-12-18T09:14:09.078Z] ----------------------------------------------------------------------
[debug] [2025-12-18T09:14:09.115Z] Command:       /data/data/com.termux/files/usr/bin/node /data/data/com.termux/files/usr/bin/firebase init hosting
[debug] [2025-12-18T09:14:09.116Z] CLI Version:   15.0.0
[debug] [2025-12-18T09:14:09.116Z] Platform:      android
[debug] [2025-12-18T09:14:09.117Z] Node Version:  v24.11.1
[debug] [2025-12-18T09:14:09.117Z] Time:          Thu Dec 18 2025 14:44:09 GMT+0530 (India Standard Time)
[debug] [2025-12-18T09:14:09.118Z] ----------------------------------------------------------------------
[debug] 
[debug] [2025-12-18T09:14:09.132Z] >>> [apiv2][query] GET https://firebase-public.firebaseio.com/cli.json [none]
[info] 
     ######## #### ########  ######## ########     ###     ######  ########
     ##        ##  ##     ## ##       ##     ##  ##   ##  ##       ##
     ######    ##  ########  ######   ########  #########  ######  ######
     ##        ##  ##    ##  ##       ##     ## ##     ##       ## ##
     ##       #### ##     ## ######## ########  ##     ##  ######  ########

You're about to initialize a Firebase project in this directory:

  /storage/emulated/0/aidigitalguru_site

Before we get started, keep in mind:

  * You are currently outside your home directory

[info] 
=== Project Setup
[info] 
[info] First, let's associate this project directory with a Firebase project.
[info] You can create multiple project aliases by running firebase use --add, 
[info] 
[debug] [2025-12-18T09:14:20.560Z] <<< [apiv2][status] GET https://firebase-public.firebaseio.com/cli.json 200
[debug] [2025-12-18T09:14:20.563Z] <<< [apiv2][body] GET https://firebase-public.firebaseio.com/cli.json {"cloudBuildErrorAfter":1594252800000,"cloudBuildWarnAfter":1590019200000,"defaultNode10After":1594252800000,"minVersion":"3.0.5","node8DeploysDisabledAfter":1613390400000,"node8RuntimeDisabledAfter":1615809600000,"node8WarnAfter":1600128000000}
[debug] [2025-12-18T09:14:41.455Z] > command requires scopes: ["email","openid","https://www.googleapis.com/auth/cloudplatformprojects.readonly","https://www.googleapis.com/auth/firebase","https://www.googleapis.com/auth/cloud-platform"]
[debug] [2025-12-18T09:14:41.459Z] > authorizing via signed-in user (rahul9770380135@gmail.com)
[debug] [2025-12-18T09:14:41.468Z] Checked if tokens are valid: false, expires at: 1764913895515
[debug] [2025-12-18T09:14:41.471Z] Checked if tokens are valid: false, expires at: 1764913895515
[debug] [2025-12-18T09:14:41.474Z] > refreshing access token with scopes: []
[debug] [2025-12-18T09:14:41.491Z] >>> [apiv2][query] POST https://www.googleapis.com/oauth2/v3/token [none]
[debug] [2025-12-18T09:14:41.492Z] >>> [apiv2][body] POST https://www.googleapis.com/oauth2/v3/token [omitted]
[debug] [2025-12-18T09:14:42.123Z] <<< [apiv2][status] POST https://www.googleapis.com/oauth2/v3/token 200
[debug] [2025-12-18T09:14:42.125Z] <<< [apiv2][body] POST https://www.googleapis.com/oauth2/v3/token [omitted]
[debug] [2025-12-18T09:14:42.162Z] >>> [apiv2][query] GET https://firebase.googleapis.com/v1beta1/projects pageSize=100
[debug] [2025-12-18T09:14:43.359Z] <<< [apiv2][status] GET https://firebase.googleapis.com/v1beta1/projects 200
[debug] [2025-12-18T09:14:43.360Z] <<< [apiv2][body] GET https://firebase.googleapis.com/v1beta1/projects [omitted]
[debug] [2025-12-18T11:26:00.603Z] ----------------------------------------------------------------------
[debug] [2025-12-18T11:26:00.643Z] Command:       /data/data/com.termux/files/usr/bin/node /data/data/com.termux/files/usr/bin/firebase init hosting
[debug] [2025-12-18T11:26:00.646Z] CLI Version:   15.0.0
[debug] [2025-12-18T11:26:00.647Z] Platform:      android
[debug] [2025-12-18T11:26:00.648Z] Node Version:  v24.11.1
[debug] [2025-12-18T11:26:00.650Z] Time:          Thu Dec 18 2025 16:56:00 GMT+0530 (India Standard Time)
[debug] [2025-12-18T11:26:00.651Z] ----------------------------------------------------------------------
[debug] 
[info] 
     ######## #### ########  ######## ########     ###     ######  ########
     ##        ##  ##     ## ##       ##     ##  ##   ##  ##       ##
     ######    ##  ########  ######   ########  #########  ######  ######
     ##        ##  ##    ##  ##       ##     ## ##     ##       ## ##
     ##       #### ##     ## ######## ########  ##     ##  ######  ########

You're about to initialize a Firebase project in this directory:

  /storage/emulated/0/aidigitalguru_site

Before we get started, keep in mind:

  * You are currently outside your home directory

[info] 
=== Project Setup
[info] 
[info] First, let's associate this project directory with a Firebase project.
[info] You can create multiple project aliases by running firebase use --add, 
[info] 
